<?xml version="1.0" encoding="UTF-8"?>
<!-- Generated by org.testng.reporters.JUnitReportReporter -->
<testsuite hostname="PBs-MacBook-Pro.local" failures="0" tests="5" name="ca.walmart.qa.testcases.Order" time="15.162" errors="0" timestamp="30 Apr. 2019 20:07:08 GMT" skipped="0">
  <testcase classname="ca.walmart.qa.testcases.Order" name="EnterText" time="7.474"/>
  <testcase classname="ca.walmart.qa.testcases.Order" name="logo" time="2.252"/>
  <testcase classname="ca.walmart.qa.testcases.Order" name="addcart2" time="2.082"/>
  <testcase classname="ca.walmart.qa.testcases.Order" name="continueshop" time="3.041"/>
  <testcase classname="ca.walmart.qa.testcases.Order" name="AssertCheckout" time="0.313"/>
</testsuite> <!-- ca.walmart.qa.testcases.Order -->
