<?xml version="1.0" encoding="UTF-8"?>
<!-- Generated by org.testng.reporters.JUnitReportReporter -->
<testsuite hostname="PBs-MacBook-Pro.local" failures="0" tests="2" name="ca.walmart.qa.testcases.MDay" time="4.306" errors="0" timestamp="30 Apr. 2019 18:37:09 GMT" skipped="0">
  <testcase classname="ca.walmart.qa.testcases.MDay" name="mdaylink" time="3.341"/>
  <testcase classname="ca.walmart.qa.testcases.MDay" name="AssertMDay" time="0.965"/>
</testsuite> <!-- ca.walmart.qa.testcases.MDay -->
